<?xml version="1.0" encoding="UTF-8"?>
<!-- Generated by org.testng.reporters.JUnitXMLReporter -->
<testsuite hostname="Inside-PC" ignored="9" name="Default test" tests="1" failures="0" timestamp="20 Nov 2019 10:43:41 GMT" time="64.639" errors="0">
  <testcase name="clickOnProjectsTest" time="1.471" classname="com.crm.qa.testcases.HomePageTest"/>
  <testcase name="clickOnAdminTest" time="0.0" classname="com.crm.qa.testcases.HomePageTest">
    <ignored/>
  </testcase> <!-- clickOnAdminTest -->
  <testcase name="clickOnRecruitmentTest" time="0.0" classname="com.crm.qa.testcases.HomePageTest">
    <ignored/>
  </testcase> <!-- clickOnRecruitmentTest -->
  <testcase name="clickOnLeaveTest" time="0.0" classname="com.crm.qa.testcases.HomePageTest">
    <ignored/>
  </testcase> <!-- clickOnLeaveTest -->
  <testcase name="clickOnPerformanceTest" time="0.0" classname="com.crm.qa.testcases.HomePageTest">
    <ignored/>
  </testcase> <!-- clickOnPerformanceTest -->
  <testcase name="clickOnJobCatTest" time="0.0" classname="com.crm.qa.testcases.HomePageTest">
    <ignored/>
  </testcase> <!-- clickOnJobCatTest -->
  <testcase name="clickOnHelpTest" time="0.0" classname="com.crm.qa.testcases.HomePageTest">
    <ignored/>
  </testcase> <!-- clickOnHelpTest -->
  <testcase name="clickOnPimTest" time="0.0" classname="com.crm.qa.testcases.HomePageTest">
    <ignored/>
  </testcase> <!-- clickOnPimTest -->
  <testcase name="homePageTitleTest" time="0.0" classname="com.crm.qa.testcases.HomePageTest">
    <ignored/>
  </testcase> <!-- homePageTitleTest -->
  <testcase name="clickOnTimeTest" time="0.0" classname="com.crm.qa.testcases.HomePageTest">
    <ignored/>
  </testcase> <!-- clickOnTimeTest -->
</testsuite> <!-- Default test -->
