<?xml version="1.0" encoding="UTF-8"?>
<!-- Generated by org.testng.reporters.JUnitXMLReporter -->
<testsuite hostname="Inside-PC" ignored="0" name="HRM" tests="10" failures="0" timestamp="13 Nov 2019 20:29:12 GMT" time="222.067" errors="0">
  <testcase name="clickOnAdminTest" time="2.019" classname="com.crm.qa.testcases.HomePageTest"/>
  <testcase name="clickOnHelpTest" time="0.178" classname="com.crm.qa.testcases.HomePageTest"/>
  <testcase name="clickOnLeaveTest" time="2.596" classname="com.crm.qa.testcases.HomePageTest"/>
  <testcase name="clickOnPerformancrTest" time="2.745" classname="com.crm.qa.testcases.HomePageTest"/>
  <testcase name="clickOnPimTest" time="1.61" classname="com.crm.qa.testcases.HomePageTest"/>
  <testcase name="clickOnRecruitmentTest" time="2.649" classname="com.crm.qa.testcases.HomePageTest"/>
  <testcase name="clickOnTimeTest" time="1.686" classname="com.crm.qa.testcases.HomePageTest"/>
  <testcase name="homePageTitleTest" time="0.036" classname="com.crm.qa.testcases.HomePageTest"/>
  <testcase name="loginPageTilteTest" time="0.011" classname="com.crm.qa.testcases.LoginPageTest"/>
  <testcase name="loginTest" time="3.291" classname="com.crm.qa.testcases.LoginPageTest"/>
</testsuite> <!-- HRM -->
