<?xml version="1.0" encoding="UTF-8"?>
<testng-results skipped="0" failed="0" ignored="9" total="10" passed="1">
  <reporter-output>
  </reporter-output>
  <suite name="Default suite" duration-ms="64639" started-at="2019-11-20T10:42:36Z" finished-at="2019-11-20T10:43:41Z">
    <groups>
    </groups>
    <test name="Default test" duration-ms="64639" started-at="2019-11-20T10:42:36Z" finished-at="2019-11-20T10:43:41Z">
      <class name="com.crm.qa.testcases.HomePageTest">
        <test-method status="PASS" signature="setup()[pri:0, instance:com.crm.qa.testcases.HomePageTest@210366b4]" name="setup" is-config="true" duration-ms="56559" started-at="2019-11-20T10:42:36Z" finished-at="2019-11-20T10:43:33Z">
          <reporter-output>
          </reporter-output>
        </test-method> <!-- setup -->
        <test-method status="PASS" signature="clickOnProjectsTest()[pri:0, instance:com.crm.qa.testcases.HomePageTest@210366b4]" name="clickOnProjectsTest" duration-ms="1471" started-at="2019-11-20T10:43:33Z" finished-at="2019-11-20T10:43:34Z">
          <reporter-output>
          </reporter-output>
        </test-method> <!-- clickOnProjectsTest -->
        <test-method status="PASS" signature="tearDown()[pri:0, instance:com.crm.qa.testcases.HomePageTest@210366b4]" name="tearDown" is-config="true" duration-ms="6514" started-at="2019-11-20T10:43:34Z" finished-at="2019-11-20T10:43:41Z">
          <reporter-output>
          </reporter-output>
        </test-method> <!-- tearDown -->
      </class> <!-- com.crm.qa.testcases.HomePageTest -->
    </test> <!-- Default test -->
  </suite> <!-- Default suite -->
</testng-results>
