<?xml version="1.0" encoding="UTF-8"?>
<testng-results skipped="0" failed="0" ignored="0" total="1" passed="1">
  <reporter-output>
  </reporter-output>
  <suite name="Default suite" duration-ms="121993" started-at="2019-11-20T12:22:51Z" finished-at="2019-11-20T12:24:53Z">
    <groups>
    </groups>
    <test name="Default test" duration-ms="121993" started-at="2019-11-20T12:22:51Z" finished-at="2019-11-20T12:24:53Z">
      <class name="com.crm.qa.testcases.ProjectsPageTest">
        <test-method status="PASS" signature="setup()[pri:0, instance:com.crm.qa.testcases.ProjectsPageTest@185d8b6]" name="setup" is-config="true" duration-ms="82060" started-at="2019-11-20T12:22:54Z" finished-at="2019-11-20T12:24:16Z">
          <reporter-output>
          </reporter-output>
        </test-method> <!-- setup -->
        <test-method status="PASS" signature="addNewProjectTest(java.lang.String, java.lang.String, java.lang.String)[pri:0, instance:com.crm.qa.testcases.ProjectsPageTest@185d8b6]" name="addNewProjectTest" duration-ms="32462" started-at="2019-11-20T12:24:16Z" data-provider="getCRMTestData" finished-at="2019-11-20T12:24:48Z">
          <params>
            <param index="0">
              <value>
                <![CDATA[abc]]>
              </value>
            </param>
            <param index="1">
              <value>
                <![CDATA[orangeHRM]]>
              </value>
            </param>
            <param index="2">
              <value>
                <![CDATA[workInProgress]]>
              </value>
            </param>
          </params>
          <reporter-output>
          </reporter-output>
        </test-method> <!-- addNewProjectTest -->
        <test-method status="PASS" signature="tearDown()[pri:0, instance:com.crm.qa.testcases.ProjectsPageTest@185d8b6]" name="tearDown" is-config="true" duration-ms="4647" started-at="2019-11-20T12:24:48Z" finished-at="2019-11-20T12:24:53Z">
          <reporter-output>
          </reporter-output>
        </test-method> <!-- tearDown -->
      </class> <!-- com.crm.qa.testcases.ProjectsPageTest -->
    </test> <!-- Default test -->
  </suite> <!-- Default suite -->
</testng-results>
